<?xml version="1.0" encoding="UTF-8"?>
<testsuite xmlns:xsi="http://www.w3.org/2001/XMLSchema-instance" xsi:noNamespaceSchemaLocation="https://maven.apache.org/surefire/maven-surefire-plugin/xsd/surefire-test-report.xsd" name="edu.school21.repositories.EmbeddedDataSourceTest" time="0" tests="1" errors="0" skipped="0" failures="0">
  <properties>
    <property name="gopherProxySet" value="false"/>
    <property name="awt.toolkit" value="sun.lwawt.macosx.LWCToolkit"/>
    <property name="file.encoding.pkg" value="sun.io"/>
    <property name="java.specification.version" value="1.8"/>
    <property name="sun.cpu.isalist" value=""/>
    <property name="sun.jnu.encoding" value="UTF-8"/>
    <property name="java.class.path" value="/opt/goinfre/wilmerbl/proj/Java_Bootcamp.Day06-1/src/ex03/Tests/target/test-classes:/opt/goinfre/wilmerbl/proj/Java_Bootcamp.Day06-1/src/ex03/Tests/target/classes:/Users/wilmerbl/.m2/repository/org/junit/jupiter/junit-jupiter-engine/5.10.3/junit-jupiter-engine-5.10.3.jar:/Users/wilmerbl/.m2/repository/org/junit/platform/junit-platform-engine/1.10.3/junit-platform-engine-1.10.3.jar:/Users/wilmerbl/.m2/repository/org/apiguardian/apiguardian-api/1.1.2/apiguardian-api-1.1.2.jar:/Users/wilmerbl/.m2/repository/org/junit/jupiter/junit-jupiter-params/5.10.3/junit-jupiter-params-5.10.3.jar:/Users/wilmerbl/.m2/repository/org/junit/jupiter/junit-jupiter-api/5.10.3/junit-jupiter-api-5.10.3.jar:/Users/wilmerbl/.m2/repository/org/opentest4j/opentest4j/1.3.0/opentest4j-1.3.0.jar:/Users/wilmerbl/.m2/repository/org/junit/platform/junit-platform-commons/1.10.3/junit-platform-commons-1.10.3.jar:/Users/wilmerbl/.m2/repository/org/springframework/spring-jdbc/5.3.10/spring-jdbc-5.3.10.jar:/Users/wilmerbl/.m2/repository/org/springframework/spring-beans/5.3.10/spring-beans-5.3.10.jar:/Users/wilmerbl/.m2/repository/org/springframework/spring-core/5.3.10/spring-core-5.3.10.jar:/Users/wilmerbl/.m2/repository/org/springframework/spring-jcl/5.3.10/spring-jcl-5.3.10.jar:/Users/wilmerbl/.m2/repository/org/springframework/spring-tx/5.3.10/spring-tx-5.3.10.jar:/Users/wilmerbl/.m2/repository/org/hsqldb/hsqldb/2.3.2/hsqldb-2.3.2.jar:"/>
    <property name="java.vm.vendor" value="Amazon.com Inc."/>
    <property name="sun.arch.data.model" value="64"/>
    <property name="java.vendor.url" value="https://aws.amazon.com/corretto/"/>
    <property name="user.timezone" value=""/>
    <property name="java.vm.specification.version" value="1.8"/>
    <property name="os.name" value="Mac OS X"/>
    <property name="user.country" value="RU"/>
    <property name="sun.java.launcher" value="SUN_STANDARD"/>
    <property name="sun.boot.library.path" value="/Users/wilmerbl/Library/Java/JavaVirtualMachines/corretto-1.8.0_422/Contents/Home/jre/lib"/>
    <property name="sun.java.command" value="/opt/goinfre/wilmerbl/proj/Java_Bootcamp.Day06-1/src/ex03/Tests/target/surefire/surefirebooter8033691066246713156.jar /opt/goinfre/wilmerbl/proj/Java_Bootcamp.Day06-1/src/ex03/Tests/target/surefire 2024-07-26T09-36-01_931-jvmRun1 surefire452556905049811340tmp surefire_01759561130609364241tmp"/>
    <property name="http.nonProxyHosts" value="local|*.local|169.254/16|*.169.254/16"/>
    <property name="surefire.test.class.path" value="/opt/goinfre/wilmerbl/proj/Java_Bootcamp.Day06-1/src/ex03/Tests/target/test-classes:/opt/goinfre/wilmerbl/proj/Java_Bootcamp.Day06-1/src/ex03/Tests/target/classes:/Users/wilmerbl/.m2/repository/org/junit/jupiter/junit-jupiter-engine/5.10.3/junit-jupiter-engine-5.10.3.jar:/Users/wilmerbl/.m2/repository/org/junit/platform/junit-platform-engine/1.10.3/junit-platform-engine-1.10.3.jar:/Users/wilmerbl/.m2/repository/org/apiguardian/apiguardian-api/1.1.2/apiguardian-api-1.1.2.jar:/Users/wilmerbl/.m2/repository/org/junit/jupiter/junit-jupiter-params/5.10.3/junit-jupiter-params-5.10.3.jar:/Users/wilmerbl/.m2/repository/org/junit/jupiter/junit-jupiter-api/5.10.3/junit-jupiter-api-5.10.3.jar:/Users/wilmerbl/.m2/repository/org/opentest4j/opentest4j/1.3.0/opentest4j-1.3.0.jar:/Users/wilmerbl/.m2/repository/org/junit/platform/junit-platform-commons/1.10.3/junit-platform-commons-1.10.3.jar:/Users/wilmerbl/.m2/repository/org/springframework/spring-jdbc/5.3.10/spring-jdbc-5.3.10.jar:/Users/wilmerbl/.m2/repository/org/springframework/spring-beans/5.3.10/spring-beans-5.3.10.jar:/Users/wilmerbl/.m2/repository/org/springframework/spring-core/5.3.10/spring-core-5.3.10.jar:/Users/wilmerbl/.m2/repository/org/springframework/spring-jcl/5.3.10/spring-jcl-5.3.10.jar:/Users/wilmerbl/.m2/repository/org/springframework/spring-tx/5.3.10/spring-tx-5.3.10.jar:/Users/wilmerbl/.m2/repository/org/hsqldb/hsqldb/2.3.2/hsqldb-2.3.2.jar:"/>
    <property name="sun.cpu.endian" value="little"/>
    <property name="user.home" value="/Users/wilmerbl"/>
    <property name="user.language" value="ru"/>
    <property name="java.specification.vendor" value="Oracle Corporation"/>
    <property name="java.home" value="/Users/wilmerbl/Library/Java/JavaVirtualMachines/corretto-1.8.0_422/Contents/Home/jre"/>
    <property name="basedir" value="/opt/goinfre/wilmerbl/proj/Java_Bootcamp.Day06-1/src/ex03/Tests"/>
    <property name="file.separator" value="/"/>
    <property name="line.separator" value="&#10;"/>
    <property name="java.vm.specification.vendor" value="Oracle Corporation"/>
    <property name="java.specification.name" value="Java Platform API Specification"/>
    <property name="java.awt.graphicsenv" value="sun.awt.CGraphicsEnvironment"/>
    <property name="surefire.real.class.path" value="/opt/goinfre/wilmerbl/proj/Java_Bootcamp.Day06-1/src/ex03/Tests/target/surefire/surefirebooter8033691066246713156.jar"/>
    <property name="sun.boot.class.path" value="/Users/wilmerbl/Library/Java/JavaVirtualMachines/corretto-1.8.0_422/Contents/Home/jre/lib/resources.jar:/Users/wilmerbl/Library/Java/JavaVirtualMachines/corretto-1.8.0_422/Contents/Home/jre/lib/rt.jar:/Users/wilmerbl/Library/Java/JavaVirtualMachines/corretto-1.8.0_422/Contents/Home/jre/lib/sunrsasign.jar:/Users/wilmerbl/Library/Java/JavaVirtualMachines/corretto-1.8.0_422/Contents/Home/jre/lib/jsse.jar:/Users/wilmerbl/Library/Java/JavaVirtualMachines/corretto-1.8.0_422/Contents/Home/jre/lib/jce.jar:/Users/wilmerbl/Library/Java/JavaVirtualMachines/corretto-1.8.0_422/Contents/Home/jre/lib/charsets.jar:/Users/wilmerbl/Library/Java/JavaVirtualMachines/corretto-1.8.0_422/Contents/Home/jre/lib/jfr.jar:/Users/wilmerbl/Library/Java/JavaVirtualMachines/corretto-1.8.0_422/Contents/Home/jre/classes"/>
    <property name="sun.management.compiler" value="HotSpot 64-Bit Tiered Compilers"/>
    <property name="ftp.nonProxyHosts" value="local|*.local|169.254/16|*.169.254/16"/>
    <property name="java.runtime.version" value="1.8.0_422-b05"/>
    <property name="user.name" value="wilmerbl"/>
    <property name="path.separator" value=":"/>
    <property name="os.version" value="13.6.7"/>
    <property name="java.endorsed.dirs" value="/Users/wilmerbl/Library/Java/JavaVirtualMachines/corretto-1.8.0_422/Contents/Home/jre/lib/endorsed"/>
    <property name="java.runtime.name" value="OpenJDK Runtime Environment"/>
    <property name="file.encoding" value="UTF-8"/>
    <property name="java.vm.name" value="OpenJDK 64-Bit Server VM"/>
    <property name="localRepository" value="/Users/wilmerbl/.m2/repository"/>
    <property name="java.vendor.url.bug" value="https://github.com/corretto/corretto-8/issues/"/>
    <property name="java.io.tmpdir" value="/var/folders/zz/zyxvpxvq6csfxvn_n003wqr400z5y1/T/"/>
    <property name="idea.version" value="2023.2.2"/>
    <property name="java.version" value="1.8.0_422"/>
    <property name="user.dir" value="/opt/goinfre/wilmerbl/proj/Java_Bootcamp.Day06-1/src/ex03/Tests"/>
    <property name="os.arch" value="x86_64"/>
    <property name="java.vm.specification.name" value="Java Virtual Machine Specification"/>
    <property name="java.awt.printerjob" value="sun.lwawt.macosx.CPrinterJob"/>
    <property name="sun.os.patch.level" value="unknown"/>
    <property name="java.library.path" value="/Users/wilmerbl/Library/Java/Extensions:/Library/Java/Extensions:/Network/Library/Java/Extensions:/System/Library/Java/Extensions:/usr/lib/java:."/>
    <property name="java.vm.info" value="mixed mode"/>
    <property name="java.vendor" value="Amazon.com Inc."/>
    <property name="java.vm.version" value="25.422-b05"/>
    <property name="java.specification.maintenance.version" value="5"/>
    <property name="java.ext.dirs" value="/Users/wilmerbl/Library/Java/Extensions:/Users/wilmerbl/Library/Java/JavaVirtualMachines/corretto-1.8.0_422/Contents/Home/jre/lib/ext:/Library/Java/Extensions:/Network/Library/Java/Extensions:/System/Library/Java/Extensions:/usr/lib/java"/>
    <property name="sun.io.unicode.encoding" value="UnicodeBig"/>
    <property name="java.class.version" value="52.0"/>
    <property name="socksNonProxyHosts" value="local|*.local|169.254/16|*.169.254/16"/>
  </properties>
  <testcase name="testConnection" classname="edu.school21.repositories.EmbeddedDataSourceTest" time="0"/>
</testsuite>